[ 2016-03-27T22:07:36+08:00 ] 127.0.0.1 /nekovps/vps/index/buy
INFO: [ app_init ] --START--
INFO: Run Behavior\BuildLiteBehavior [ RunTime:0.000000s ]
INFO: [ app_init ] --END-- [ RunTime:0.001001s ]
INFO: [ app_begin ] --START--
INFO: Run Behavior\ReadHtmlCacheBehavior [ RunTime:0.000000s ]
INFO: [ app_begin ] --END-- [ RunTime:0.000000s ]
SQL: SHOW COLUMNS FROM `vps_deployplan` [ RunTime:0.0080s ]
SQL: SELECT * FROM `vps_deployplan` WHERE `id` = 1 LIMIT 1   [ RunTime:0.0000s ]
NOTIC: [8] Undefined index: 6 F:\WebProject\phpStudy\WWW\nekovps\Core\Library\Org\Util\Vultr.class.php 第 146 行.
NOTIC: [8] Undefined index: GA F:\WebProject\phpStudy\WWW\nekovps\Core\Library\Org\Util\Vultr.class.php 第 146 行.
NOTIC: [8] Undefined offset: 0 F:\WebProject\phpStudy\WWW\nekovps\Core\Library\Org\Util\Vultr.class.php 第 146 行.
NOTIC: [8] Undefined index: 2 F:\WebProject\phpStudy\WWW\nekovps\Core\Library\Org\Util\Vultr.class.php 第 146 行.
NOTIC: [8] Undefined index: IL F:\WebProject\phpStudy\WWW\nekovps\Core\Library\Org\Util\Vultr.class.php 第 146 行.
NOTIC: [8] Undefined offset: 1 F:\WebProject\phpStudy\WWW\nekovps\Core\Library\Org\Util\Vultr.class.php 第 146 行.
NOTIC: [8] Undefined index: 3 F:\WebProject\phpStudy\WWW\nekovps\Core\Library\Org\Util\Vultr.class.php 第 146 行.
NOTIC: [8] Undefined index: TX F:\WebProject\phpStudy\WWW\nekovps\Core\Library\Org\Util\Vultr.class.php 第 146 行.
NOTIC: [8] Undefined offset: 0 F:\WebProject\phpStudy\WWW\nekovps\Core\Library\Org\Util\Vultr.class.php 第 146 行.
NOTIC: [8] Undefined index: 5 F:\WebProject\phpStudy\WWW\nekovps\Core\Library\Org\Util\Vultr.class.php 第 146 行.
NOTIC: [8] Undefined index: CA F:\WebProject\phpStudy\WWW\nekovps\Core\Library\Org\Util\Vultr.class.php 第 146 行.
NOTIC: [8] Undefined offset: 1 F:\WebProject\phpStudy\WWW\nekovps\Core\Library\Org\Util\Vultr.class.php 第 146 行.
NOTIC: [8] Undefined index: 39 F:\WebProject\phpStudy\WWW\nekovps\Core\Library\Org\Util\Vultr.class.php 第 146 行.
NOTIC: [8] Undefined index: FL F:\WebProject\phpStudy\WWW\nekovps\Core\Library\Org\Util\Vultr.class.php 第 146 行.
NOTIC: [8] Undefined offset: 1 F:\WebProject\phpStudy\WWW\nekovps\Core\Library\Org\Util\Vultr.class.php 第 146 行.
NOTIC: [8] Undefined index: 1 F:\WebProject\phpStudy\WWW\nekovps\Core\Library\Org\Util\Vultr.class.php 第 146 行.
NOTIC: [8] Undefined index: NJ F:\WebProject\phpStudy\WWW\nekovps\Core\Library\Org\Util\Vultr.class.php 第 146 行.
NOTIC: [8] Undefined offset: 1 F:\WebProject\phpStudy\WWW\nekovps\Core\Library\Org\Util\Vultr.class.php 第 146 行.
NOTIC: [8] Undefined index: 4 F:\WebProject\phpStudy\WWW\nekovps\Core\Library\Org\Util\Vultr.class.php 第 146 行.
NOTIC: [8] Undefined index: WA F:\WebProject\phpStudy\WWW\nekovps\Core\Library\Org\Util\Vultr.class.php 第 146 行.
NOTIC: [8] Undefined offset: 0 F:\WebProject\phpStudy\WWW\nekovps\Core\Library\Org\Util\Vultr.class.php 第 146 行.
NOTIC: [8] Undefined index: 12 F:\WebProject\phpStudy\WWW\nekovps\Core\Library\Org\Util\Vultr.class.php 第 146 行.
NOTIC: [8] Undefined index: CA F:\WebProject\phpStudy\WWW\nekovps\Core\Library\Org\Util\Vultr.class.php 第 146 行.
NOTIC: [8] Undefined offset: 1 F:\WebProject\phpStudy\WWW\nekovps\Core\Library\Org\Util\Vultr.class.php 第 146 行.
NOTIC: [8] Undefined index: 7 F:\WebProject\phpStudy\WWW\nekovps\Core\Library\Org\Util\Vultr.class.php 第 146 行.
NOTIC: [8] Undefined index:  F:\WebProject\phpStudy\WWW\nekovps\Core\Library\Org\Util\Vultr.class.php 第 146 行.
NOTIC: [8] Undefined offset: 1 F:\WebProject\phpStudy\WWW\nekovps\Core\Library\Org\Util\Vultr.class.php 第 146 行.
NOTIC: [8] Undefined index: 25 F:\WebProject\phpStudy\WWW\nekovps\Core\Library\Org\Util\Vultr.class.php 第 146 行.
NOTIC: [8] Undefined index:  F:\WebProject\phpStudy\WWW\nekovps\Core\Library\Org\Util\Vultr.class.php 第 146 行.
NOTIC: [8] Undefined offset: 0 F:\WebProject\phpStudy\WWW\nekovps\Core\Library\Org\Util\Vultr.class.php 第 146 行.
NOTIC: [8] Undefined index: 8 F:\WebProject\phpStudy\WWW\nekovps\Core\Library\Org\Util\Vultr.class.php 第 146 行.
NOTIC: [8] Undefined index:  F:\WebProject\phpStudy\WWW\nekovps\Core\Library\Org\Util\Vultr.class.php 第 146 行.
NOTIC: [8] Undefined offset: 1 F:\WebProject\phpStudy\WWW\nekovps\Core\Library\Org\Util\Vultr.class.php 第 146 行.
NOTIC: [8] Undefined index: 24 F:\WebProject\phpStudy\WWW\nekovps\Core\Library\Org\Util\Vultr.class.php 第 146 行.
NOTIC: [8] Undefined index:  F:\WebProject\phpStudy\WWW\nekovps\Core\Library\Org\Util\Vultr.class.php 第 146 行.
NOTIC: [8] Undefined offset: 1 F:\WebProject\phpStudy\WWW\nekovps\Core\Library\Org\Util\Vultr.class.php 第 146 行.
NOTIC: [8] Undefined index: 9 F:\WebProject\phpStudy\WWW\nekovps\Core\Library\Org\Util\Vultr.class.php 第 146 行.
NOTIC: [8] Undefined index:  F:\WebProject\phpStudy\WWW\nekovps\Core\Library\Org\Util\Vultr.class.php 第 146 行.
NOTIC: [8] Undefined offset: 1 F:\WebProject\phpStudy\WWW\nekovps\Core\Library\Org\Util\Vultr.class.php 第 146 行.
NOTIC: [8] Undefined index: 19 F:\WebProject\phpStudy\WWW\nekovps\Core\Library\Org\Util\Vultr.class.php 第 146 行.
NOTIC: [8] Undefined index:  F:\WebProject\phpStudy\WWW\nekovps\Core\Library\Org\Util\Vultr.class.php 第 146 行.
NOTIC: [8] Undefined offset: 0 F:\WebProject\phpStudy\WWW\nekovps\Core\Library\Org\Util\Vultr.class.php 第 146 行.
INFO: [ view_parse ] --START--
INFO: [ template_filter ] --START--
INFO: Run Behavior\ContentReplaceBehavior [ RunTime:0.000000s ]
INFO: [ template_filter ] --END-- [ RunTime:0.000000s ]
INFO: Run Behavior\ParseTemplateBehavior [ RunTime:0.230013s ]
INFO: [ view_parse ] --END-- [ RunTime:0.230013s ]
INFO: [ view_filter ] --START--
INFO: Run Behavior\WriteHtmlCacheBehavior [ RunTime:0.000000s ]
INFO: [ view_filter ] --END-- [ RunTime:0.000000s ]
INFO: [ app_end ] --START--
INFO: Run Behavior\ShowPageTraceBehavior [ RunTime:0.001000s ]
INFO: [ app_end ] --END-- [ RunTime:0.001000s ]

